{"level":50,"time":1762371860006,"pid":21636,"hostname":"DESKTOP-0OGI8LM","message":"user.verifyPassword is not a function","statusCode":401,"data":null}
{"level":50,"time":1762371868842,"pid":21636,"hostname":"DESKTOP-0OGI8LM","message":"Expected double-quoted property name in JSON at position 74 (line 7 column 1)","stack":"SyntaxError: Expected double-quoted property name in JSON at position 74 (line 7 column 1)\n    at JSON.parse (<anonymous>)\n    at parse (C:\\Users\\victor\\Desktop\\event management and registration system\\node_modules\\body-parser\\lib\\types\\json.js:77:19)\n    at C:\\Users\\victor\\Desktop\\event management and registration system\\node_modules\\body-parser\\lib\\read.js:123:18\n    at AsyncResource.runInAsyncScope (node:async_hooks:214:14)\n    at invokeCallback (C:\\Users\\victor\\Desktop\\event management and registration system\\node_modules\\raw-body\\index.js:238:16)\n    at done (C:\\Users\\victor\\Desktop\\event management and registration system\\node_modules\\raw-body\\index.js:227:7)\n    at IncomingMessage.onEnd (C:\\Users\\victor\\Desktop\\event management and registration system\\node_modules\\raw-body\\index.js:287:7)\n    at IncomingMessage.emit (node:events:518:28)\n    at endReadableNT (node:internal/streams/readable:1698:12)\n    at process.processTicksAndRejections (node:internal/process/task_queues:90:21)","statusCode":500}
{"level":60,"time":1762371868842,"pid":21636,"hostname":"DESKTOP-0OGI8LM","message":"Internal Server Error","stack":"Error: Internal Server Error\n    at errorHandler (file:///C:/Users/victor/Desktop/event%20management%20and%20registration%20system/src/middlewares/errorHandler.js:11:11)\n    at Layer.handleError (C:\\Users\\victor\\Desktop\\event management and registration system\\node_modules\\router\\lib\\layer.js:116:17)\n    at trimPrefix (C:\\Users\\victor\\Desktop\\event management and registration system\\node_modules\\router\\index.js:340:13)\n    at C:\\Users\\victor\\Desktop\\event management and registration system\\node_modules\\router\\index.js:297:9\n    at processParams (C:\\Users\\victor\\Desktop\\event management and registration system\\node_modules\\router\\index.js:582:12)\n    at next (C:\\Users\\victor\\Desktop\\event management and registration system\\node_modules\\router\\index.js:291:5)\n    at Layer.handleError (C:\\Users\\victor\\Desktop\\event management and registration system\\node_modules\\router\\lib\\layer.js:111:12)\n    at trimPrefix (C:\\Users\\victor\\Desktop\\event management and registration system\\node_modules\\router\\index.js:340:13)\n    at C:\\Users\\victor\\Desktop\\event management and registration system\\node_modules\\router\\index.js:297:9\n    at processParams (C:\\Users\\victor\\Desktop\\event management and registration system\\node_modules\\router\\index.js:582:12)","statusCode":500,"data":null}
{"level":50,"time":1762372220486,"pid":21636,"hostname":"DESKTOP-0OGI8LM","message":"user.verifyPassword is not a function","statusCode":401,"data":null}
{"level":50,"time":1762373651662,"pid":9280,"hostname":"DESKTOP-0OGI8LM","message":"reloadedUser.verifyPassword is not a function","statusCode":401,"data":null}
{"level":50,"time":1762373655719,"pid":9280,"hostname":"DESKTOP-0OGI8LM","message":"reloadedUser.verifyPassword is not a function","statusCode":401,"data":null}
{"level":50,"time":1762373849743,"pid":9396,"hostname":"DESKTOP-0OGI8LM","message":"reloadedUser.verifyPassword is not a function","statusCode":401,"data":null}
{"level":50,"time":1762411955752,"pid":5272,"hostname":"DESKTOP-0OGI8LM","message":"reloadedUser.verifyPassword is not a function","statusCode":401,"data":null}
{"level":50,"time":1762414723938,"pid":22160,"hostname":"DESKTOP-0OGI8LM","message":"user.verifyPassword is not a function","statusCode":401,"data":null}
{"level":50,"time":1762415027917,"pid":1412,"hostname":"DESKTOP-0OGI8LM","message":"Unknown column 'profile_picture' in 'field list'","statusCode":401,"data":null}
{"level":50,"time":1762415068664,"pid":12052,"hostname":"DESKTOP-0OGI8LM","message":"user.verifyPassword is not a function","statusCode":401,"data":null}
{"level":50,"time":1762415131073,"pid":21156,"hostname":"DESKTOP-0OGI8LM","message":"Unknown column 'profile_picture' in 'field list'","statusCode":401,"data":null}
{"level":50,"time":1762415203067,"pid":2168,"hostname":"DESKTOP-0OGI8LM","message":"ENOENT: no such file or directory, open 'C:\\Users\\victor\\Desktop\\event management and registration system\\src\\Templates\\Emails\\login-notification.ejs'","statusCode":401,"data":null}
{"level":50,"time":1762415331065,"pid":252,"hostname":"DESKTOP-0OGI8LM","message":"ENOENT: no such file or directory, open 'C:\\Users\\victor\\Desktop\\event management and registration system\\src\\Templates\\Emails\\login-notification.ejs'","statusCode":401,"data":null}
{"level":50,"time":1762415755379,"pid":15580,"hostname":"DESKTOP-0OGI8LM","message":"C:\\Users\\victor\\Desktop\\event management and registration system\\src\\Templates\\Emails\\login-notification.ejs:58\n    56|       <div class=\"info-box\">\r\n    57|         <strong>Login Time:</strong> <%= loginTime %><br>\r\n >> 58|         <strong>Location:</strong> <%= location %><br>\r\n    59|         <strong>Device:</strong> <%= device %>\r\n    60|       </div>\r\n    61|       \r\n\nlocation is not defined","statusCode":401,"data":null}
{"level":50,"time":1762416042813,"pid":19012,"hostname":"DESKTOP-0OGI8LM","message":"C:\\Users\\victor\\Desktop\\event management and registration system\\src\\Templates\\Emails\\login-notification.ejs:58\n    56|       <div class=\"info-box\">\r\n    57|         <strong>Login Time:</strong> <%= loginTime %><br>\r\n >> 58|         <strong>Location:</strong> <%= location %><br>\r\n    59|         <strong>Device:</strong> <%= device %>\r\n    60|       </div>\r\n    61|       \r\n\nlocation is not defined","statusCode":401,"data":null}
{"level":50,"time":1762416046907,"pid":19012,"hostname":"DESKTOP-0OGI8LM","message":"C:\\Users\\victor\\Desktop\\event management and registration system\\src\\Templates\\Emails\\login-notification.ejs:58\n    56|       <div class=\"info-box\">\r\n    57|         <strong>Login Time:</strong> <%= loginTime %><br>\r\n >> 58|         <strong>Location:</strong> <%= location %><br>\r\n    59|         <strong>Device:</strong> <%= device %>\r\n    60|       </div>\r\n    61|       \r\n\nlocation is not defined","statusCode":401,"data":null}
{"level":50,"time":1762419108657,"pid":13152,"hostname":"DESKTOP-0OGI8LM","message":"Unauthorized: Invalid token","statusCode":401,"data":null}
{"level":50,"time":1762419521856,"pid":21592,"hostname":"DESKTOP-0OGI8LM","message":"Unauthorized: Invalid token","statusCode":401,"data":null}
{"level":50,"time":1762419659938,"pid":21592,"hostname":"DESKTOP-0OGI8LM","message":"Email already exists","statusCode":400,"data":null}
{"level":50,"time":1762419864806,"pid":2224,"hostname":"DESKTOP-0OGI8LM","message":"Unauthorized: Invalid token","statusCode":401,"data":null}
{"level":50,"time":1762420167841,"pid":16444,"hostname":"DESKTOP-0OGI8LM","message":"Unauthorized: Invalid token","statusCode":401,"data":null}
{"level":50,"time":1762436020793,"pid":23812,"hostname":"DESKTOP-0OGI8LM","message":"Unauthorized: Invalid token","statusCode":401,"data":null}
{"level":50,"time":1762436547494,"pid":18464,"hostname":"DESKTOP-0OGI8LM","message":"Unauthorized: Invalid token","statusCode":401,"data":null}
{"level":50,"time":1762436724382,"pid":18464,"hostname":"DESKTOP-0OGI8LM","message":"Email already exists","statusCode":400,"data":null}
{"level":50,"time":1762436760510,"pid":18464,"hostname":"DESKTOP-0OGI8LM","message":"Email already exists","statusCode":400,"data":null}
{"level":50,"time":1762436783762,"pid":18464,"hostname":"DESKTOP-0OGI8LM","message":"Unauthorized: Invalid token","statusCode":401,"data":null}
{"level":50,"time":1762437010583,"pid":12212,"hostname":"DESKTOP-0OGI8LM","message":"Email already exists","statusCode":400,"data":null}
{"level":50,"time":1762437023397,"pid":12212,"hostname":"DESKTOP-0OGI8LM","message":"Unauthorized: Invalid token","statusCode":401,"data":null}
{"level":50,"time":1762437412476,"pid":12212,"hostname":"DESKTOP-0OGI8LM","message":"Cannot destructure property 'name' of 'req.body' as it is undefined.","statusCode":400,"data":null}
{"level":50,"time":1762437725917,"pid":788,"hostname":"DESKTOP-0OGI8LM","message":"Cannot destructure property 'name' of 'req.body' as it is undefined.","statusCode":400,"data":null}
{"level":50,"time":1762437741420,"pid":788,"hostname":"DESKTOP-0OGI8LM","message":"Unauthorized: Invalid token","statusCode":401,"data":null}
{"level":50,"time":1762437746165,"pid":788,"hostname":"DESKTOP-0OGI8LM","message":"Unauthorized: Invalid token","statusCode":401,"data":null}
{"level":50,"time":1762437765013,"pid":788,"hostname":"DESKTOP-0OGI8LM","message":"Email already exists","statusCode":400,"data":null}
{"level":50,"time":1762437772600,"pid":788,"hostname":"DESKTOP-0OGI8LM","message":"Unauthorized: Invalid token","statusCode":401,"data":null}
{"level":50,"time":1762438215714,"pid":12216,"hostname":"DESKTOP-0OGI8LM","message":"Unauthorized: Invalid token","statusCode":401,"data":null}
{"level":50,"time":1762438543021,"pid":12216,"hostname":"DESKTOP-0OGI8LM","message":"Invalid Email or Password","statusCode":401,"data":null}
{"level":50,"time":1762440206919,"pid":20952,"hostname":"DESKTOP-0OGI8LM","message":"C:\\Users\\victor\\Desktop\\event management and registration system\\src\\Templates\\Emails\\userRegistration.ejs:3\n    1| <html>\r\n    2|   <body>\r\n >> 3|     <h1>Welcome, <%= userName %>!</h1>\r\n    4|     <p>Thank you for registering for our event management system.</p>\r\n    5|   </body>\r\n    6| </html>\r\n\nuserName is not defined","statusCode":400,"data":null}
{"level":50,"time":1762440415226,"pid":23436,"hostname":"DESKTOP-0OGI8LM","message":"Email already exists","statusCode":400,"data":null}
{"level":50,"time":1762441118003,"pid":9488,"hostname":"DESKTOP-0OGI8LM","message":"C:\\Users\\victor\\Desktop\\event management and registration system\\src\\Templates\\Emails\\userRegistration.ejs:3\n    1| <html>\r\n    2|   <body>\r\n >> 3|     <h1>Welcome, <%= userName %>!</h1>\r\n    4|     <p>Thank you for registering for our event management system.</p>\r\n    5|   </body>\r\n    6| </html>\r\n\nuserName is not defined","statusCode":400,"data":null}
{"level":50,"time":1762441257928,"pid":23148,"hostname":"DESKTOP-0OGI8LM","message":"Email already exists","statusCode":400,"data":null}
{"level":50,"time":1762444105190,"pid":22152,"hostname":"DESKTOP-0OGI8LM","message":"notNull Violation: Event.organizer_id cannot be null","statusCode":400,"data":null}
{"level":50,"time":1762444277937,"pid":20876,"hostname":"DESKTOP-0OGI8LM","message":"notNull Violation: Event.organizer_id cannot be null","statusCode":400,"data":null}
{"level":50,"time":1762444295873,"pid":13608,"hostname":"DESKTOP-0OGI8LM","message":"notNull Violation: Event.organizer_id cannot be null","statusCode":400,"data":null}
{"level":50,"time":1762444830625,"pid":20956,"hostname":"DESKTOP-0OGI8LM","message":"Unknown column 'date' in 'field list'","statusCode":400,"data":null}
{"level":50,"time":1762445286291,"pid":24212,"hostname":"DESKTOP-0OGI8LM","message":"Unknown column 'status' in 'field list'","statusCode":400,"data":null}
{"level":50,"time":1762445436957,"pid":24212,"hostname":"DESKTOP-0OGI8LM","message":"Unknown column 'organizer_id' in 'field list'","statusCode":400,"data":null}
{"level":50,"time":1762445590232,"pid":24212,"hostname":"DESKTOP-0OGI8LM","message":"Field 'organizer_uuid' doesn't have a default value","statusCode":400,"data":null}
{"level":50,"time":1762445959821,"pid":24212,"hostname":"DESKTOP-0OGI8LM","message":"Invalid Email or Password","statusCode":401,"data":null}
{"level":50,"time":1762543872125,"pid":2912,"hostname":"DESKTOP-0OGI8LM","message":"Data truncated for column 'role' at row 1","statusCode":400,"data":null}
{"level":50,"time":1762543884062,"pid":2912,"hostname":"DESKTOP-0OGI8LM","message":"Invalid Email or Password","statusCode":401,"data":null}
{"level":50,"time":1762543894225,"pid":2912,"hostname":"DESKTOP-0OGI8LM","message":"Unauthorized: Invalid token","statusCode":401,"data":null}
